A D/arp_cop////
A D/autoadd////
A D/chk_poison////
A D/dns_spoof////
A D/dos_attack////
A D/dummy////
A D/find_conn////
A D/find_ettercap////
A D/find_ip////
A D/finger////
A D/finger_submit////
A D/gre_relay////
A D/gw_discover////
A D/isolate////
A D/link_type////
A D/pptp_chapms1////
A D/pptp_clear////
A D/pptp_pap////
A D/pptp_reneg////
A D/rand_flood////
A D/remote_browser////
A D/reply_arp////
A D/repoison_arp////
A D/scan_poisoner////
A D/search_promisc////
A D/smb_clear////
A D/smb_down////
A D/stp_mangler////
